#
# A fatal error has been detected by the Java Runtime Environment:
#
#  EXCEPTION_ACCESS_VIOLATION (0xc0000005) at pc=0x00007ff817b9800c, pid=6072, tid=6452
#
# JRE version: OpenJDK Runtime Environment (15.0.2+7) (build 15.0.2+7-27)
# Java VM: OpenJDK 64-Bit Server VM (15.0.2+7-27, mixed mode, tiered, compressed oops, g1 gc, windows-amd64)
# Problematic frame:
# V  [jvm.dll+0x6a800c]
#
# No core dump will be written. Minidumps are not enabled by default on client versions of Windows
#
# If you would like to submit a bug report, please visit:
#   https://bugreport.java.com/bugreport/crash.jsp
#

---------------  S U M M A R Y ------------

Command Line: -XX:+ShowCodeDetailsInExceptionMessages -agentlib:jdwp=transport=dt_socket,suspend=y,address=localhost:54237 -ea -javaagent:C:\Users\Faffa\eclipse\java-2021-03\eclipse\configuration\org.eclipse.osgi\810\0\.cp\lib\javaagent-shaded.jar -Dfile.encoding=Cp1252 org.eclipse.jdt.internal.junit.runner.RemoteTestRunner -version 3 -port 54236 -testLoaderClass org.eclipse.jdt.internal.junit5.runner.JUnit5TestLoader -loaderpluginname org.eclipse.jdt.junit5.runtime -classNames controller.status.StatusControllerTest

Host: Intel(R) Core(TM) i5-6500 CPU @ 3.20GHz, 4 cores, 15G,  Windows 10 , 64 bit Build 19041 (10.0.19041.1151)
Time: Wed Aug 18 16:28:16 2021 ora legale Europa occidentale elapsed time: 78.044998 seconds (0d 0h 1m 18s)

---------------  T H R E A D  ---------------

Current thread (0x000002652e3443d0):  JavaThread "JDWP Transport Listener: dt_socket" daemon [_thread_in_vm, id=6452, stack(0x000000eb50b00000,0x000000eb50c00000)] _threads_hazard_ptr=0x000002652f00b530

Stack: [0x000000eb50b00000,0x000000eb50c00000],  sp=0x000000eb50bfe240,  free space=1016k
Native frames: (J=compiled Java code, j=interpreted, Vv=VM code, C=native code)
V  [jvm.dll+0x6a800c]
V  [jvm.dll+0x2fff3f]
V  [jvm.dll+0x30207b]
V  [jvm.dll+0x3026ce]
V  [jvm.dll+0x2ffd7f]
V  [jvm.dll+0x2ff02a]
V  [jvm.dll+0x619ec0]
V  [jvm.dll+0x619ba3]
V  [jvm.dll+0x5df278]
V  [jvm.dll+0x77876f]
V  [jvm.dll+0x4f02e1]
V  [jvm.dll+0x7882b5]
V  [jvm.dll+0x4d40ea]
V  [jvm.dll+0x49526b]
C  [jdwp.dll+0x796b]


siginfo: EXCEPTION_ACCESS_VIOLATION (0xc0000005), reading address 0x0000000000000004


Register to memory mapping:

RIP=0x00007ff817b9800c jvm.dll
RAX=0x0 is NULL
RBX=0x0 is NULL
RCX=0x000000eb50bfe260 is pointing into the stack for thread: 0x000002652e3443d0
RDX=0x0000000000009505 is an unknown value
RSP=0x000000eb50bfe240 is pointing into the stack for thread: 0x000002652e3443d0
RBP=0x000000eb50bfe3a0 is pointing into the stack for thread: 0x000002652e3443d0
RSI=0x0000000000000001 is an unknown value
RDI=0x000000eb50bfe9b0 is pointing into the stack for thread: 0x000002652e3443d0
R8 =0x0 is NULL
R9 =0x000002652f16d6b0 is pointing into metadata
R10=0x000000eb50bfe9b0 is pointing into the stack for thread: 0x000002652e3443d0
R11=0x000002652eb09490 points into unknown readable memory: 0x4600002b47000000 | 00 00 00 47 2b 00 00 46
R12=0x00007ff8174f0000 jvm.dll
R13=0x000002652eb09460 points into unknown readable memory: 0x0000000000b9bc00 | 00 bc b9 00 00 00 00 00
R14=0x000000eb50bfe2d0 is pointing into the stack for thread: 0x000002652e3443d0
R15=0x00000000000000d6 is an unknown value


Registers:
RAX=0x0000000000000000, RBX=0x0000000000000000, RCX=0x000000eb50bfe260, RDX=0x0000000000009505
RSP=0x000000eb50bfe240, RBP=0x000000eb50bfe3a0, RSI=0x0000000000000001, RDI=0x000000eb50bfe9b0
R8 =0x0000000000000000, R9 =0x000002652f16d6b0, R10=0x000000eb50bfe9b0, R11=0x000002652eb09490
R12=0x00007ff8174f0000, R13=0x000002652eb09460, R14=0x000000eb50bfe2d0, R15=0x00000000000000d6
RIP=0x00007ff817b9800c, EFLAGS=0x0000000000010246

Top of Stack: (sp=0x000000eb50bfe240)
0x000000eb50bfe240:   0000000000000000 0000000000000000
0x000000eb50bfe250:   000000eb50bfe9b0 0000000000000000
0x000000eb50bfe260:   0000000000000000 00007ff8176fe9be
0x000000eb50bfe270:   0000000000000001 0000000000000000
0x000000eb50bfe280:   000002652d69c8f0 0000000000000000
0x000000eb50bfe290:   000002652f16dd1a 00007ff8177eff3f
0x000000eb50bfe2a0:   0000000000000000 0000000000000001
0x000000eb50bfe2b0:   0000000000000000 0000000000000000
0x000000eb50bfe2c0:   0000000000000000 0000000000000000
0x000000eb50bfe2d0:   0000000000000000 0000000000000063
0x000000eb50bfe2e0:   0000000000000000 000000eb50bfe328
0x000000eb50bfe2f0:   0000000000000000 000002652d6a2488
0x000000eb50bfe300:   0000000300000002 0000000000000003
0x000000eb50bfe310:   0000000300000004 000002652d69c8f0
0x000000eb50bfe320:   0000000000000000 000000002fffffff
0x000000eb50bfe330:   0000000000000000 0000000000000000 

Instructions: (pc=0x00007ff817b9800c)
0x00007ff817b97f0c:   47 1c 03 00 00 00 44 89 47 0c 44 89 47 08 44 3b
0x00007ff817b97f1c:   c3 7c 17 c7 47 1c ff ff ff ff 48 8b 5c 24 30 48
0x00007ff817b97f2c:   8b 74 24 38 48 83 c4 20 5f c3 0f be 4c 30 07 e8
0x00007ff817b97f3c:   e0 fb ff ff 48 83 c6 06 89 47 18 83 e8 0c 74 50
0x00007ff817b97f4c:   83 f8 01 75 34 49 63 c0 48 3b c3 7d 18 0f 1f 80
0x00007ff817b97f5c:   00 00 00 00 80 3c 30 5b 75 0b 41 ff c0 48 ff c0
0x00007ff817b97f6c:   48 3b c3 7c ef 49 63 c8 41 8b c0 2b 47 0c 48 03
0x00007ff817b97f7c:   ce 89 47 14 80 39 4c 74 1d 41 8d 58 01 89 5f 0c
0x00007ff817b97f8c:   48 8b 5c 24 30 48 8b 74 24 38 48 83 c4 20 5f c3
0x00007ff817b97f9c:   49 63 c8 48 03 ce 8b c3 ba 3b 00 00 00 41 2b c0
0x00007ff817b97fac:   4c 63 c0 e8 cc 1d 13 00 48 85 c0 74 06 8b d8 2b
0x00007ff817b97fbc:   de ff c3 48 8b 74 24 38 89 5f 0c 48 8b 5c 24 30
0x00007ff817b97fcc:   48 83 c4 20 5f c3 cc cc cc cc cc cc cc cc cc cc
0x00007ff817b97fdc:   cc cc cc cc 41 56 48 83 ec 50 83 79 08 63 4c 8b
0x00007ff817b97fec:   f1 0f 85 d3 00 00 00 48 8b 01 48 8d 4c 24 20 48
0x00007ff817b97ffc:   89 44 24 20 48 89 5c 24 60 33 db 48 89 74 24 68
0x00007ff817b9800c:   0f b7 40 04 89 44 24 30 48 8b 05 0d 02 42 00 48
0x00007ff817b9801c:   89 44 24 40 c7 44 24 3c 01 00 00 00 c7 44 24 2c
0x00007ff817b9802c:   01 00 00 00 c7 44 24 28 01 00 00 00 89 5c 24 34
0x00007ff817b9803c:   48 89 5c 24 48 e8 7a fe ff ff 48 8d 4c 24 20 e8
0x00007ff817b9804c:   b0 00 00 00 8b 44 24 38 48 8b 4c 24 40 41 89 46
0x00007ff817b9805c:   08 e8 ee e9 04 00 48 8b 74 24 48 48 85 f6 74 45
0x00007ff817b9806c:   39 1e 7e 41 48 89 7c 24 70 8b fb 66 0f 1f 84 00
0x00007ff817b9807c:   00 00 00 00 48 8b 4e 18 48 8b 0c 39 e8 c3 e9 04
0x00007ff817b9808c:   00 ff c3 48 8d 7f 08 3b 1e 7c e9 41 8b 46 08 48
0x00007ff817b9809c:   8b 7c 24 70 48 8b 5c 24 60 48 8b 74 24 68 48 83
0x00007ff817b980ac:   c4 50 41 5e c3 41 8b 46 08 48 8b 5c 24 60 48 8b
0x00007ff817b980bc:   74 24 68 48 83 c4 50 41 5e c3 8b 41 08 48 83 c4
0x00007ff817b980cc:   50 41 5e c3 48 8d 42 ff 48 83 f8 fd 77 14 48 3b
0x00007ff817b980dc:   51 10 74 19 48 89 51 10 48 d1 ea 83 e2 0f 89 51
0x00007ff817b980ec:   08 c3 48 89 51 10 c7 41 08 63 00 00 00 c3 cc cc
0x00007ff817b980fc:   cc cc cc cc 40 53 48 83 ec 20 8b 41 1c 48 8b d9 


Stack slot to memory mapping:
stack at sp + 0 slots: 0x0 is NULL
stack at sp + 1 slots: 0x0 is NULL
stack at sp + 2 slots: 0x000000eb50bfe9b0 is pointing into the stack for thread: 0x000002652e3443d0
stack at sp + 3 slots: 0x0 is NULL
stack at sp + 4 slots: 0x0 is NULL
stack at sp + 5 slots: 0x00007ff8176fe9be jvm.dll
stack at sp + 6 slots: 0x0000000000000001 is an unknown value
stack at sp + 7 slots: 0x0 is NULL


---------------  P R O C E S S  ---------------

Threads class SMR info:
_java_thread_list=0x000002652f00b530, length=15, elements={
0x000002650d147e00, 0x000002652e012010, 0x000002652e0129d0, 0x000002652e0350b0,
0x000002652e037980, 0x000002652e03a350, 0x000002652e046950, 0x000002652e0723d0,
0x000002652e0bd180, 0x000002652e0d2650, 0x000002652e3443d0, 0x000002652e3ac2b0,
0x000002652e3ac990, 0x000002652eb4a6c0, 0x000002652eb10160
}

Java Threads: ( => current thread )
  0x000002650d147e00 JavaThread "main" [_thread_blocked, id=7668, stack(0x000000eb4fb00000,0x000000eb4fc00000)]
  0x000002652e012010 JavaThread "Reference Handler" daemon [_thread_blocked, id=1716, stack(0x000000eb50200000,0x000000eb50300000)]
  0x000002652e0129d0 JavaThread "Finalizer" daemon [_thread_blocked, id=10700, stack(0x000000eb50300000,0x000000eb50400000)]
  0x000002652e0350b0 JavaThread "Signal Dispatcher" daemon [_thread_blocked, id=3332, stack(0x000000eb50400000,0x000000eb50500000)]
  0x000002652e037980 JavaThread "Attach Listener" daemon [_thread_blocked, id=11944, stack(0x000000eb50500000,0x000000eb50600000)]
  0x000002652e03a350 JavaThread "Service Thread" daemon [_thread_blocked, id=6696, stack(0x000000eb50600000,0x000000eb50700000)]
  0x000002652e046950 JavaThread "C2 CompilerThread0" daemon [_thread_blocked, id=1896, stack(0x000000eb50700000,0x000000eb50800000)]
  0x000002652e0723d0 JavaThread "C1 CompilerThread0" daemon [_thread_blocked, id=5404, stack(0x000000eb50800000,0x000000eb50900000)]
  0x000002652e0bd180 JavaThread "Sweeper thread" daemon [_thread_blocked, id=12892, stack(0x000000eb50900000,0x000000eb50a00000)]
  0x000002652e0d2650 JavaThread "Common-Cleaner" daemon [_thread_blocked, id=2588, stack(0x000000eb50a00000,0x000000eb50b00000)]
=>0x000002652e3443d0 JavaThread "JDWP Transport Listener: dt_socket" daemon [_thread_in_vm, id=6452, stack(0x000000eb50b00000,0x000000eb50c00000)]
  0x000002652e3ac2b0 JavaThread "JDWP Event Helper Thread" daemon [_thread_blocked, id=7984, stack(0x000000eb50c00000,0x000000eb50d00000)]
  0x000002652e3ac990 JavaThread "JDWP Command Reader" daemon [_thread_in_native, id=1972, stack(0x000000eb50d00000,0x000000eb50e00000)]
  0x000002652eb4a6c0 JavaThread "Notification Thread" daemon [_thread_blocked, id=2064, stack(0x000000eb50f00000,0x000000eb51000000)]
  0x000002652eb10160 JavaThread "ReaderThread" [_thread_in_native, id=10720, stack(0x000000eb51100000,0x000000eb51200000)]

Other Threads:
  0x000002652dfdf990 VMThread "VM Thread" [stack: 0x000000eb50100000,0x000000eb50200000] [id=1592]
  0x000002652e8ff3f0 WatcherThread [stack: 0x000000eb51000000,0x000000eb51100000] [id=5564]
  0x000002650d199d10 GCTaskThread "GC Thread#0" [stack: 0x000000eb4fc00000,0x000000eb4fd00000] [id=12140]
  0x000002652effcc80 GCTaskThread "GC Thread#1" [stack: 0x000000eb51200000,0x000000eb51300000] [id=13420]
  0x000002652effe2d0 GCTaskThread "GC Thread#2" [stack: 0x000000eb51300000,0x000000eb51400000] [id=10924]
  0x000002652effc950 GCTaskThread "GC Thread#3" [stack: 0x000000eb51400000,0x000000eb51500000] [id=8740]
  0x000002650d1ac4f0 ConcurrentGCThread "G1 Main Marker" [stack: 0x000000eb4fd00000,0x000000eb4fe00000] [id=8204]
  0x000002650d1acff0 ConcurrentGCThread "G1 Conc#0" [stack: 0x000000eb4fe00000,0x000000eb4ff00000] [id=1220]
  0x000002650d214400 ConcurrentGCThread "G1 Refine#0" [stack: 0x000000eb4ff00000,0x000000eb50000000] [id=8868]
  0x000002650d214f10 ConcurrentGCThread "G1 Young RemSet Sampling" [stack: 0x000000eb50000000,0x000000eb50100000] [id=7268]

Threads with active compile tasks:

VM state: not at safepoint (normal execution)

VM Mutex/Monitor currently owned by a thread: None

Heap address: 0x0000000700a00000, size: 4086 MB, Compressed Oops mode: Zero based, Oop shift amount: 3
CDS disabled.
Compressed class space mapped at: 0x0000000800000000-0x0000000840000000, size: 1073741824
Narrow klass base: 0x0000000800000000, Narrow klass shift: 0, Narrow klass range: 0x40000000

GC Precious Log:
 CPUs: 4 total, 4 available
 Memory: 16342M
 Large Page Support: Disabled
 NUMA Support: Disabled
 Compressed Oops: Enabled (Zero based)
 Heap Region Size: 2M
 Heap Min Capacity: 8M
 Heap Initial Capacity: 256M
 Heap Max Capacity: 4086M
 Pre-touch: Disabled
 Parallel Workers: 4
 Concurrent Workers: 1
 Concurrent Refinement Workers: 4
 Periodic GC: Disabled

Heap:
 garbage-first heap   total 262144K, used 13360K [0x0000000700a00000, 0x0000000800000000)
  region size 2048K, 7 young (14336K), 1 survivors (2048K)
 Metaspace       used 14827K, capacity 15006K, committed 15104K, reserved 1062912K
  class space    used 1463K, capacity 1498K, committed 1536K, reserved 1048576K

Heap Regions: E=young(eden), S=young(survivor), O=old, HS=humongous(starts), HC=humongous(continues), CS=collection set, F=free, OA=open archive, CA=closed archive, TAMS=top-at-mark-start (previous, next)
|   0|0x0000000700a00000, 0x0000000700c00000, 0x0000000700c00000|100%| O|  |TAMS 0x0000000700a00000, 0x0000000700a00000| Untracked 
|   1|0x0000000700c00000, 0x0000000700c54e00, 0x0000000700e00000| 16%| O|  |TAMS 0x0000000700c00000, 0x0000000700c00000| Untracked 
|   2|0x0000000700e00000, 0x0000000700e00000, 0x0000000701000000|  0%| F|  |TAMS 0x0000000700e00000, 0x0000000700e00000| Untracked 
|   3|0x0000000701000000, 0x0000000701000000, 0x0000000701200000|  0%| F|  |TAMS 0x0000000701000000, 0x0000000701000000| Untracked 
|   4|0x0000000701200000, 0x0000000701200000, 0x0000000701400000|  0%| F|  |TAMS 0x0000000701200000, 0x0000000701200000| Untracked 
|   5|0x0000000701400000, 0x0000000701400000, 0x0000000701600000|  0%| F|  |TAMS 0x0000000701400000, 0x0000000701400000| Untracked 
|   6|0x0000000701600000, 0x0000000701600000, 0x0000000701800000|  0%| F|  |TAMS 0x0000000701600000, 0x0000000701600000| Untracked 
|   7|0x0000000701800000, 0x0000000701800000, 0x0000000701a00000|  0%| F|  |TAMS 0x0000000701800000, 0x0000000701800000| Untracked 
|   8|0x0000000701a00000, 0x0000000701a00000, 0x0000000701c00000|  0%| F|  |TAMS 0x0000000701a00000, 0x0000000701a00000| Untracked 
|   9|0x0000000701c00000, 0x0000000701c00000, 0x0000000701e00000|  0%| F|  |TAMS 0x0000000701c00000, 0x0000000701c00000| Untracked 
|  10|0x0000000701e00000, 0x0000000701e00000, 0x0000000702000000|  0%| F|  |TAMS 0x0000000701e00000, 0x0000000701e00000| Untracked 
|  11|0x0000000702000000, 0x0000000702000000, 0x0000000702200000|  0%| F|  |TAMS 0x0000000702000000, 0x0000000702000000| Untracked 
|  12|0x0000000702200000, 0x0000000702200000, 0x0000000702400000|  0%| F|  |TAMS 0x0000000702200000, 0x0000000702200000| Untracked 
|  13|0x0000000702400000, 0x0000000702400000, 0x0000000702600000|  0%| F|  |TAMS 0x0000000702400000, 0x0000000702400000| Untracked 
|  14|0x0000000702600000, 0x0000000702600000, 0x0000000702800000|  0%| F|  |TAMS 0x0000000702600000, 0x0000000702600000| Untracked 
|  15|0x0000000702800000, 0x0000000702800000, 0x0000000702a00000|  0%| F|  |TAMS 0x0000000702800000, 0x0000000702800000| Untracked 
|  16|0x0000000702a00000, 0x0000000702a00000, 0x0000000702c00000|  0%| F|  |TAMS 0x0000000702a00000, 0x0000000702a00000| Untracked 
|  17|0x0000000702c00000, 0x0000000702c00000, 0x0000000702e00000|  0%| F|  |TAMS 0x0000000702c00000, 0x0000000702c00000| Untracked 
|  18|0x0000000702e00000, 0x0000000702e00000, 0x0000000703000000|  0%| F|  |TAMS 0x0000000702e00000, 0x0000000702e00000| Untracked 
|  19|0x0000000703000000, 0x0000000703000000, 0x0000000703200000|  0%| F|  |TAMS 0x0000000703000000, 0x0000000703000000| Untracked 
|  20|0x0000000703200000, 0x0000000703200000, 0x0000000703400000|  0%| F|  |TAMS 0x0000000703200000, 0x0000000703200000| Untracked 
|  21|0x0000000703400000, 0x0000000703400000, 0x0000000703600000|  0%| F|  |TAMS 0x0000000703400000, 0x0000000703400000| Untracked 
|  22|0x0000000703600000, 0x0000000703600000, 0x0000000703800000|  0%| F|  |TAMS 0x0000000703600000, 0x0000000703600000| Untracked 
|  23|0x0000000703800000, 0x0000000703800000, 0x0000000703a00000|  0%| F|  |TAMS 0x0000000703800000, 0x0000000703800000| Untracked 
|  24|0x0000000703a00000, 0x0000000703a00000, 0x0000000703c00000|  0%| F|  |TAMS 0x0000000703a00000, 0x0000000703a00000| Untracked 
|  25|0x0000000703c00000, 0x0000000703c00000, 0x0000000703e00000|  0%| F|  |TAMS 0x0000000703c00000, 0x0000000703c00000| Untracked 
|  26|0x0000000703e00000, 0x0000000703e00000, 0x0000000704000000|  0%| F|  |TAMS 0x0000000703e00000, 0x0000000703e00000| Untracked 
|  27|0x0000000704000000, 0x0000000704000000, 0x0000000704200000|  0%| F|  |TAMS 0x0000000704000000, 0x0000000704000000| Untracked 
|  28|0x0000000704200000, 0x0000000704200000, 0x0000000704400000|  0%| F|  |TAMS 0x0000000704200000, 0x0000000704200000| Untracked 
|  29|0x0000000704400000, 0x0000000704400000, 0x0000000704600000|  0%| F|  |TAMS 0x0000000704400000, 0x0000000704400000| Untracked 
|  30|0x0000000704600000, 0x0000000704600000, 0x0000000704800000|  0%| F|  |TAMS 0x0000000704600000, 0x0000000704600000| Untracked 
|  31|0x0000000704800000, 0x0000000704800000, 0x0000000704a00000|  0%| F|  |TAMS 0x0000000704800000, 0x0000000704800000| Untracked 
|  32|0x0000000704a00000, 0x0000000704a00000, 0x0000000704c00000|  0%| F|  |TAMS 0x0000000704a00000, 0x0000000704a00000| Untracked 
|  33|0x0000000704c00000, 0x0000000704c00000, 0x0000000704e00000|  0%| F|  |TAMS 0x0000000704c00000, 0x0000000704c00000| Untracked 
|  34|0x0000000704e00000, 0x0000000704e00000, 0x0000000705000000|  0%| F|  |TAMS 0x0000000704e00000, 0x0000000704e00000| Untracked 
|  35|0x0000000705000000, 0x0000000705000000, 0x0000000705200000|  0%| F|  |TAMS 0x0000000705000000, 0x0000000705000000| Untracked 
|  36|0x0000000705200000, 0x0000000705200000, 0x0000000705400000|  0%| F|  |TAMS 0x0000000705200000, 0x0000000705200000| Untracked 
|  37|0x0000000705400000, 0x0000000705400000, 0x0000000705600000|  0%| F|  |TAMS 0x0000000705400000, 0x0000000705400000| Untracked 
|  38|0x0000000705600000, 0x0000000705600000, 0x0000000705800000|  0%| F|  |TAMS 0x0000000705600000, 0x0000000705600000| Untracked 
|  39|0x0000000705800000, 0x0000000705800000, 0x0000000705a00000|  0%| F|  |TAMS 0x0000000705800000, 0x0000000705800000| Untracked 
|  40|0x0000000705a00000, 0x0000000705a00000, 0x0000000705c00000|  0%| F|  |TAMS 0x0000000705a00000, 0x0000000705a00000| Untracked 
|  41|0x0000000705c00000, 0x0000000705c00000, 0x0000000705e00000|  0%| F|  |TAMS 0x0000000705c00000, 0x0000000705c00000| Untracked 
|  42|0x0000000705e00000, 0x0000000705e00000, 0x0000000706000000|  0%| F|  |TAMS 0x0000000705e00000, 0x0000000705e00000| Untracked 
|  43|0x0000000706000000, 0x0000000706000000, 0x0000000706200000|  0%| F|  |TAMS 0x0000000706000000, 0x0000000706000000| Untracked 
|  44|0x0000000706200000, 0x0000000706200000, 0x0000000706400000|  0%| F|  |TAMS 0x0000000706200000, 0x0000000706200000| Untracked 
|  45|0x0000000706400000, 0x0000000706400000, 0x0000000706600000|  0%| F|  |TAMS 0x0000000706400000, 0x0000000706400000| Untracked 
|  46|0x0000000706600000, 0x0000000706600000, 0x0000000706800000|  0%| F|  |TAMS 0x0000000706600000, 0x0000000706600000| Untracked 
|  47|0x0000000706800000, 0x0000000706800000, 0x0000000706a00000|  0%| F|  |TAMS 0x0000000706800000, 0x0000000706800000| Untracked 
|  48|0x0000000706a00000, 0x0000000706a00000, 0x0000000706c00000|  0%| F|  |TAMS 0x0000000706a00000, 0x0000000706a00000| Untracked 
|  49|0x0000000706c00000, 0x0000000706c00000, 0x0000000706e00000|  0%| F|  |TAMS 0x0000000706c00000, 0x0000000706c00000| Untracked 
|  50|0x0000000706e00000, 0x0000000706e00000, 0x0000000707000000|  0%| F|  |TAMS 0x0000000706e00000, 0x0000000706e00000| Untracked 
|  51|0x0000000707000000, 0x0000000707000000, 0x0000000707200000|  0%| F|  |TAMS 0x0000000707000000, 0x0000000707000000| Untracked 
|  52|0x0000000707200000, 0x0000000707200000, 0x0000000707400000|  0%| F|  |TAMS 0x0000000707200000, 0x0000000707200000| Untracked 
|  53|0x0000000707400000, 0x0000000707400000, 0x0000000707600000|  0%| F|  |TAMS 0x0000000707400000, 0x0000000707400000| Untracked 
|  54|0x0000000707600000, 0x0000000707600000, 0x0000000707800000|  0%| F|  |TAMS 0x0000000707600000, 0x0000000707600000| Untracked 
|  55|0x0000000707800000, 0x0000000707800000, 0x0000000707a00000|  0%| F|  |TAMS 0x0000000707800000, 0x0000000707800000| Untracked 
|  56|0x0000000707a00000, 0x0000000707a00000, 0x0000000707c00000|  0%| F|  |TAMS 0x0000000707a00000, 0x0000000707a00000| Untracked 
|  57|0x0000000707c00000, 0x0000000707c00000, 0x0000000707e00000|  0%| F|  |TAMS 0x0000000707c00000, 0x0000000707c00000| Untracked 
|  58|0x0000000707e00000, 0x0000000707e00000, 0x0000000708000000|  0%| F|  |TAMS 0x0000000707e00000, 0x0000000707e00000| Untracked 
|  59|0x0000000708000000, 0x0000000708000000, 0x0000000708200000|  0%| F|  |TAMS 0x0000000708000000, 0x0000000708000000| Untracked 
|  60|0x0000000708200000, 0x0000000708200000, 0x0000000708400000|  0%| F|  |TAMS 0x0000000708200000, 0x0000000708200000| Untracked 
|  61|0x0000000708400000, 0x0000000708400000, 0x0000000708600000|  0%| F|  |TAMS 0x0000000708400000, 0x0000000708400000| Untracked 
|  62|0x0000000708600000, 0x0000000708600000, 0x0000000708800000|  0%| F|  |TAMS 0x0000000708600000, 0x0000000708600000| Untracked 
|  63|0x0000000708800000, 0x0000000708800000, 0x0000000708a00000|  0%| F|  |TAMS 0x0000000708800000, 0x0000000708800000| Untracked 
|  64|0x0000000708a00000, 0x0000000708a00000, 0x0000000708c00000|  0%| F|  |TAMS 0x0000000708a00000, 0x0000000708a00000| Untracked 
|  65|0x0000000708c00000, 0x0000000708c00000, 0x0000000708e00000|  0%| F|  |TAMS 0x0000000708c00000, 0x0000000708c00000| Untracked 
|  66|0x0000000708e00000, 0x0000000708e00000, 0x0000000709000000|  0%| F|  |TAMS 0x0000000708e00000, 0x0000000708e00000| Untracked 
|  67|0x0000000709000000, 0x0000000709000000, 0x0000000709200000|  0%| F|  |TAMS 0x0000000709000000, 0x0000000709000000| Untracked 
|  68|0x0000000709200000, 0x0000000709200000, 0x0000000709400000|  0%| F|  |TAMS 0x0000000709200000, 0x0000000709200000| Untracked 
|  69|0x0000000709400000, 0x0000000709400000, 0x0000000709600000|  0%| F|  |TAMS 0x0000000709400000, 0x0000000709400000| Untracked 
|  70|0x0000000709600000, 0x0000000709600000, 0x0000000709800000|  0%| F|  |TAMS 0x0000000709600000, 0x0000000709600000| Untracked 
|  71|0x0000000709800000, 0x0000000709800000, 0x0000000709a00000|  0%| F|  |TAMS 0x0000000709800000, 0x0000000709800000| Untracked 
|  72|0x0000000709a00000, 0x0000000709a00000, 0x0000000709c00000|  0%| F|  |TAMS 0x0000000709a00000, 0x0000000709a00000| Untracked 
|  73|0x0000000709c00000, 0x0000000709c00000, 0x0000000709e00000|  0%| F|  |TAMS 0x0000000709c00000, 0x0000000709c00000| Untracked 
|  74|0x0000000709e00000, 0x0000000709e00000, 0x000000070a000000|  0%| F|  |TAMS 0x0000000709e00000, 0x0000000709e00000| Untracked 
|  75|0x000000070a000000, 0x000000070a000000, 0x000000070a200000|  0%| F|  |TAMS 0x000000070a000000, 0x000000070a000000| Untracked 
|  76|0x000000070a200000, 0x000000070a200000, 0x000000070a400000|  0%| F|  |TAMS 0x000000070a200000, 0x000000070a200000| Untracked 
|  77|0x000000070a400000, 0x000000070a400000, 0x000000070a600000|  0%| F|  |TAMS 0x000000070a400000, 0x000000070a400000| Untracked 
|  78|0x000000070a600000, 0x000000070a600000, 0x000000070a800000|  0%| F|  |TAMS 0x000000070a600000, 0x000000070a600000| Untracked 
|  79|0x000000070a800000, 0x000000070a800000, 0x000000070aa00000|  0%| F|  |TAMS 0x000000070a800000, 0x000000070a800000| Untracked 
|  80|0x000000070aa00000, 0x000000070aa00000, 0x000000070ac00000|  0%| F|  |TAMS 0x000000070aa00000, 0x000000070aa00000| Untracked 
|  81|0x000000070ac00000, 0x000000070ac00000, 0x000000070ae00000|  0%| F|  |TAMS 0x000000070ac00000, 0x000000070ac00000| Untracked 
|  82|0x000000070ae00000, 0x000000070ae00000, 0x000000070b000000|  0%| F|  |TAMS 0x000000070ae00000, 0x000000070ae00000| Untracked 
|  83|0x000000070b000000, 0x000000070b000000, 0x000000070b200000|  0%| F|  |TAMS 0x000000070b000000, 0x000000070b000000| Untracked 
|  84|0x000000070b200000, 0x000000070b200000, 0x000000070b400000|  0%| F|  |TAMS 0x000000070b200000, 0x000000070b200000| Untracked 
|  85|0x000000070b400000, 0x000000070b400000, 0x000000070b600000|  0%| F|  |TAMS 0x000000070b400000, 0x000000070b400000| Untracked 
|  86|0x000000070b600000, 0x000000070b600000, 0x000000070b800000|  0%| F|  |TAMS 0x000000070b600000, 0x000000070b600000| Untracked 
|  87|0x000000070b800000, 0x000000070b800000, 0x000000070ba00000|  0%| F|  |TAMS 0x000000070b800000, 0x000000070b800000| Untracked 
|  88|0x000000070ba00000, 0x000000070ba00000, 0x000000070bc00000|  0%| F|  |TAMS 0x000000070ba00000, 0x000000070ba00000| Untracked 
|  89|0x000000070bc00000, 0x000000070bc00000, 0x000000070be00000|  0%| F|  |TAMS 0x000000070bc00000, 0x000000070bc00000| Untracked 
|  90|0x000000070be00000, 0x000000070be00000, 0x000000070c000000|  0%| F|  |TAMS 0x000000070be00000, 0x000000070be00000| Untracked 
|  91|0x000000070c000000, 0x000000070c000000, 0x000000070c200000|  0%| F|  |TAMS 0x000000070c000000, 0x000000070c000000| Untracked 
|  92|0x000000070c200000, 0x000000070c200000, 0x000000070c400000|  0%| F|  |TAMS 0x000000070c200000, 0x000000070c200000| Untracked 
|  93|0x000000070c400000, 0x000000070c400000, 0x000000070c600000|  0%| F|  |TAMS 0x000000070c400000, 0x000000070c400000| Untracked 
|  94|0x000000070c600000, 0x000000070c600000, 0x000000070c800000|  0%| F|  |TAMS 0x000000070c600000, 0x000000070c600000| Untracked 
|  95|0x000000070c800000, 0x000000070c800000, 0x000000070ca00000|  0%| F|  |TAMS 0x000000070c800000, 0x000000070c800000| Untracked 
|  96|0x000000070ca00000, 0x000000070ca00000, 0x000000070cc00000|  0%| F|  |TAMS 0x000000070ca00000, 0x000000070ca00000| Untracked 
|  97|0x000000070cc00000, 0x000000070cc00000, 0x000000070ce00000|  0%| F|  |TAMS 0x000000070cc00000, 0x000000070cc00000| Untracked 
|  98|0x000000070ce00000, 0x000000070ce00000, 0x000000070d000000|  0%| F|  |TAMS 0x000000070ce00000, 0x000000070ce00000| Untracked 
|  99|0x000000070d000000, 0x000000070d000000, 0x000000070d200000|  0%| F|  |TAMS 0x000000070d000000, 0x000000070d000000| Untracked 
| 100|0x000000070d200000, 0x000000070d200000, 0x000000070d400000|  0%| F|  |TAMS 0x000000070d200000, 0x000000070d200000| Untracked 
| 101|0x000000070d400000, 0x000000070d400000, 0x000000070d600000|  0%| F|  |TAMS 0x000000070d400000, 0x000000070d400000| Untracked 
| 102|0x000000070d600000, 0x000000070d600000, 0x000000070d800000|  0%| F|  |TAMS 0x000000070d600000, 0x000000070d600000| Untracked 
| 103|0x000000070d800000, 0x000000070d800000, 0x000000070da00000|  0%| F|  |TAMS 0x000000070d800000, 0x000000070d800000| Untracked 
| 104|0x000000070da00000, 0x000000070da00000, 0x000000070dc00000|  0%| F|  |TAMS 0x000000070da00000, 0x000000070da00000| Untracked 
| 105|0x000000070dc00000, 0x000000070dc00000, 0x000000070de00000|  0%| F|  |TAMS 0x000000070dc00000, 0x000000070dc00000| Untracked 
| 106|0x000000070de00000, 0x000000070de00000, 0x000000070e000000|  0%| F|  |TAMS 0x000000070de00000, 0x000000070de00000| Untracked 
| 107|0x000000070e000000, 0x000000070e000000, 0x000000070e200000|  0%| F|  |TAMS 0x000000070e000000, 0x000000070e000000| Untracked 
| 108|0x000000070e200000, 0x000000070e200000, 0x000000070e400000|  0%| F|  |TAMS 0x000000070e200000, 0x000000070e200000| Untracked 
| 109|0x000000070e400000, 0x000000070e400000, 0x000000070e600000|  0%| F|  |TAMS 0x000000070e400000, 0x000000070e400000| Untracked 
| 110|0x000000070e600000, 0x000000070e600000, 0x000000070e800000|  0%| F|  |TAMS 0x000000070e600000, 0x000000070e600000| Untracked 
| 111|0x000000070e800000, 0x000000070e800000, 0x000000070ea00000|  0%| F|  |TAMS 0x000000070e800000, 0x000000070e800000| Untracked 
| 112|0x000000070ea00000, 0x000000070ea00000, 0x000000070ec00000|  0%| F|  |TAMS 0x000000070ea00000, 0x000000070ea00000| Untracked 
| 113|0x000000070ec00000, 0x000000070ec00000, 0x000000070ee00000|  0%| F|  |TAMS 0x000000070ec00000, 0x000000070ec00000| Untracked 
| 114|0x000000070ee00000, 0x000000070ee00000, 0x000000070f000000|  0%| F|  |TAMS 0x000000070ee00000, 0x000000070ee00000| Untracked 
| 115|0x000000070f000000, 0x000000070f000000, 0x000000070f200000|  0%| F|  |TAMS 0x000000070f000000, 0x000000070f000000| Untracked 
| 116|0x000000070f200000, 0x000000070f200000, 0x000000070f400000|  0%| F|  |TAMS 0x000000070f200000, 0x000000070f200000| Untracked 
| 117|0x000000070f400000, 0x000000070f400000, 0x000000070f600000|  0%| F|  |TAMS 0x000000070f400000, 0x000000070f400000| Untracked 
| 118|0x000000070f600000, 0x000000070f600000, 0x000000070f800000|  0%| F|  |TAMS 0x000000070f600000, 0x000000070f600000| Untracked 
| 119|0x000000070f800000, 0x000000070f800000, 0x000000070fa00000|  0%| F|  |TAMS 0x000000070f800000, 0x000000070f800000| Untracked 
| 120|0x000000070fa00000, 0x000000070fab74f0, 0x000000070fc00000| 35%| S|CS|TAMS 0x000000070fa00000, 0x000000070fa00000| Complete 
| 121|0x000000070fc00000, 0x000000070fc00000, 0x000000070fe00000|  0%| F|  |TAMS 0x000000070fc00000, 0x000000070fc00000| Untracked 
| 122|0x000000070fe00000, 0x000000070fec4b20, 0x0000000710000000| 38%| E|  |TAMS 0x000000070fe00000, 0x000000070fe00000| Complete 
| 123|0x0000000710000000, 0x0000000710200000, 0x0000000710200000|100%| E|CS|TAMS 0x0000000710000000, 0x0000000710000000| Complete 
| 124|0x0000000710200000, 0x0000000710400000, 0x0000000710400000|100%| E|CS|TAMS 0x0000000710200000, 0x0000000710200000| Complete 
| 125|0x0000000710400000, 0x0000000710600000, 0x0000000710600000|100%| E|CS|TAMS 0x0000000710400000, 0x0000000710400000| Complete 
| 126|0x0000000710600000, 0x0000000710800000, 0x0000000710800000|100%| E|CS|TAMS 0x0000000710600000, 0x0000000710600000| Complete 
| 127|0x0000000710800000, 0x0000000710a00000, 0x0000000710a00000|100%| E|CS|TAMS 0x0000000710800000, 0x0000000710800000| Complete 

Card table byte_map: [0x0000026522160000,0x0000026522960000] _byte_map_base: 0x000002651e95b000

Marking Bits (Prev, Next): (CMBitMap*) 0x000002650d19a490, (CMBitMap*) 0x000002650d19a4d0
 Prev Bits: [0x0000026523160000, 0x0000026527138000)
 Next Bits: [0x0000026527140000, 0x000002652b118000)

Polling page: 0x0000026512310000

Metaspace:

Usage:
  Non-class:     13.19 MB capacity,    13.05 MB ( 99%) used,   129.12 KB ( <1%) free+waste,    14.75 KB ( <1%) overhead. 
      Class:      1.46 MB capacity,     1.43 MB ( 98%) used,    29.66 KB (  2%) free+waste,     5.19 KB ( <1%) overhead. 
       Both:     14.65 MB capacity,    14.48 MB ( 99%) used,   158.79 KB (  1%) free+waste,    19.94 KB ( <1%) overhead. 

Virtual space:
  Non-class space:       14.00 MB reserved,      13.25 MB ( 95%) committed 
      Class space:        1.00 GB reserved,       1.50 MB ( <1%) committed 
             Both:        1.01 GB reserved,      14.75 MB (  1%) committed 

Chunk freelists:
   Non-Class:  60.00 KB
       Class:  6.00 KB
        Both:  66.00 KB

MaxMetaspaceSize: 17179869184.00 GB
CompressedClassSpaceSize: 1.00 GB

CodeHeap 'non-profiled nmethods': size=120000Kb used=477Kb max_used=477Kb free=119522Kb
 bounds [0x0000026519e00000, 0x000002651a070000, 0x0000026521330000]
CodeHeap 'profiled nmethods': size=120000Kb used=2437Kb max_used=2437Kb free=117562Kb
 bounds [0x00000265128d0000, 0x0000026512b40000, 0x0000026519e00000]
CodeHeap 'non-nmethods': size=5760Kb used=1242Kb max_used=1266Kb free=4517Kb
 bounds [0x0000026512330000, 0x00000265125a0000, 0x00000265128d0000]
 total_blobs=1693 nmethods=1282 adapters=324
 compilation: enabled
              stopped_count=0, restarted_count=0
 full_count=0

Compilation events (20 events):
Event: 3.132 Thread 0x000002652e0723d0 1274       3       sun.reflect.annotation.AnnotationParser::toArray (18 bytes)
Event: 3.132 Thread 0x000002652e0723d0 nmethod 1274 0x0000026512b2f110 code [0x0000026512b2f2e0, 0x0000026512b2f678]
Event: 3.132 Thread 0x000002652e0723d0 1270       3       java.nio.Buffer::<init> (105 bytes)
Event: 3.134 Thread 0x000002652e0723d0 nmethod 1270 0x0000026512b2f790 code [0x0000026512b2fa60, 0x0000026512b305f8]
Event: 3.134 Thread 0x000002652e0723d0 1275       1       java.util.stream.Collectors$CollectorImpl::supplier (5 bytes)
Event: 3.135 Thread 0x000002652e0723d0 nmethod 1275 0x0000026519e74110 code [0x0000026519e742a0, 0x0000026519e74358]
Event: 3.135 Thread 0x000002652e0723d0 1276       1       java.util.stream.Collectors$CollectorImpl::accumulator (5 bytes)
Event: 3.135 Thread 0x000002652e0723d0 nmethod 1276 0x0000026519e74410 code [0x0000026519e745a0, 0x0000026519e74658]
Event: 3.135 Thread 0x000002652e0723d0 1277       1       java.util.stream.Collectors$CollectorImpl::combiner (5 bytes)
Event: 3.135 Thread 0x000002652e0723d0 nmethod 1277 0x0000026519e74710 code [0x0000026519e748a0, 0x0000026519e74958]
Event: 3.136 Thread 0x000002652e0723d0 1278       3       java.io.RandomAccessFile::readFully (45 bytes)
Event: 3.137 Thread 0x000002652e0723d0 nmethod 1278 0x0000026512b30a10 code [0x0000026512b30be0, 0x0000026512b30f58]
Event: 3.140 Thread 0x000002652e046950 1279       4       org.eclipse.jdt.launching.internal.org.objectweb.asm.SymbolTable::addConstantMemberReference (29 bytes)
Event: 3.141 Thread 0x000002652e2fa300 1280       4       org.eclipse.jdt.launching.internal.org.objectweb.asm.SymbolTable::addConstantUtf8Reference (20 bytes)
Event: 3.179 Thread 0x000002652e0723d0 1282       3       java.lang.ref.Reference::clear (6 bytes)
Event: 3.179 Thread 0x000002652e0723d0 nmethod 1282 0x0000026512b31110 code [0x0000026512b312a0, 0x0000026512b313d8]
Event: 3.193 Thread 0x000002652e2fa300 nmethod 1280 0x0000026519e74a10 code [0x0000026519e74bc0, 0x0000026519e754c8]
Event: 3.193 Thread 0x000002652e2fa300 1281       4       jdk.internal.misc.Unsafe::allocateUninitializedArray (55 bytes)
Event: 3.197 Thread 0x000002652e2fa300 nmethod 1281 0x0000026519e75810 code [0x0000026519e759a0, 0x0000026519e75b78]
Event: 3.276 Thread 0x000002652e046950 nmethod 1279 0x0000026519e75d10 code [0x0000026519e75ee0, 0x0000026519e76f68]

GC Heap History (4 events):
Event: 1.873 GC heap before
{Heap before GC invocations=0 (full 0):
 garbage-first heap   total 262144K, used 10240K [0x0000000700a00000, 0x0000000800000000)
  region size 2048K, 6 young (12288K), 0 survivors (0K)
 Metaspace       used 11087K, capacity 11242K, committed 11264K, reserved 1058816K
  class space    used 973K, capacity 1017K, committed 1024K, reserved 1048576K
}
Event: 1.881 GC heap after
{Heap after GC invocations=1 (full 0):
 garbage-first heap   total 262144K, used 2374K [0x0000000700a00000, 0x0000000800000000)
  region size 2048K, 1 young (2048K), 1 survivors (2048K)
 Metaspace       used 11087K, capacity 11242K, committed 11264K, reserved 1058816K
  class space    used 973K, capacity 1017K, committed 1024K, reserved 1048576K
}
Event: 2.590 GC heap before
{Heap before GC invocations=1 (full 0):
 garbage-first heap   total 262144K, used 14662K [0x0000000700a00000, 0x0000000800000000)
  region size 2048K, 7 young (14336K), 1 survivors (2048K)
 Metaspace       used 13315K, capacity 13511K, committed 13696K, reserved 1060864K
  class space    used 1249K, capacity 1323K, committed 1408K, reserved 1048576K
}
Event: 2.599 GC heap after
{Heap after GC invocations=2 (full 0):
 garbage-first heap   total 262144K, used 3120K [0x0000000700a00000, 0x0000000800000000)
  region size 2048K, 1 young (2048K), 1 survivors (2048K)
 Metaspace       used 13315K, capacity 13511K, committed 13696K, reserved 1060864K
  class space    used 1249K, capacity 1323K, committed 1408K, reserved 1048576K
}

Deoptimization events (20 events):
Event: 2.392 Thread 0x000002650d147e00 Uncommon trap: trap_request=0xffffffde fr.pc=0x0000026519e519c8 relative=0x0000000000001808
Event: 2.392 Thread 0x000002650d147e00 Uncommon trap: reason=class_check action=maybe_recompile pc=0x0000026519e519c8 method=java.util.HashMap.putVal(ILjava/lang/Object;Ljava/lang/Object;ZZ)Ljava/lang/Object; @ 253 c2
Event: 2.392 Thread 0x000002650d147e00 DEOPT PACKING pc=0x0000026519e519c8 sp=0x000000eb4fbfd850
Event: 2.393 Thread 0x000002650d147e00 DEOPT UNPACKING pc=0x000002651237e42f sp=0x000000eb4fbfd7c8 mode 2
Event: 2.540 Thread 0x000002650d147e00 Uncommon trap: trap_request=0xffffffde fr.pc=0x0000026519e59968 relative=0x0000000000001828
Event: 2.540 Thread 0x000002650d147e00 Uncommon trap: reason=class_check action=maybe_recompile pc=0x0000026519e59968 method=java.util.HashMap.putVal(ILjava/lang/Object;Ljava/lang/Object;ZZ)Ljava/lang/Object; @ 91 c2
Event: 2.540 Thread 0x000002650d147e00 DEOPT PACKING pc=0x0000026519e59968 sp=0x000000eb4fbfd570
Event: 2.540 Thread 0x000002650d147e00 DEOPT UNPACKING pc=0x000002651237e42f sp=0x000000eb4fbfd4d0 mode 2
Event: 2.542 Thread 0x000002650d147e00 Uncommon trap: trap_request=0xffffffde fr.pc=0x0000026519e59968 relative=0x0000000000001828
Event: 2.542 Thread 0x000002650d147e00 Uncommon trap: reason=class_check action=maybe_recompile pc=0x0000026519e59968 method=java.util.HashMap.putVal(ILjava/lang/Object;Ljava/lang/Object;ZZ)Ljava/lang/Object; @ 91 c2
Event: 2.542 Thread 0x000002650d147e00 DEOPT PACKING pc=0x0000026519e59968 sp=0x000000eb4fbfd570
Event: 2.542 Thread 0x000002650d147e00 DEOPT UNPACKING pc=0x000002651237e42f sp=0x000000eb4fbfd4d0 mode 2
Event: 2.693 Thread 0x000002650d147e00 DEOPT PACKING pc=0x0000026512a1585f sp=0x000000eb4fbfbd60
Event: 2.693 Thread 0x000002650d147e00 DEOPT UNPACKING pc=0x000002651237e23f sp=0x000000eb4fbfb2a8 mode 0
Event: 2.749 Thread 0x000002650d147e00 DEOPT PACKING pc=0x0000026512a1585f sp=0x000000eb4fbfb260
Event: 2.749 Thread 0x000002650d147e00 DEOPT UNPACKING pc=0x000002651237e23f sp=0x000000eb4fbfa7a8 mode 0
Event: 2.781 Thread 0x000002650d147e00 DEOPT PACKING pc=0x0000026512ad6c84 sp=0x000000eb4fbfdd60
Event: 2.781 Thread 0x000002650d147e00 DEOPT UNPACKING pc=0x000002651237e23f sp=0x000000eb4fbfd1f8 mode 1
Event: 2.781 Thread 0x000002650d147e00 DEOPT PACKING pc=0x0000026512acc35c sp=0x000000eb4fbfde30
Event: 2.781 Thread 0x000002650d147e00 DEOPT UNPACKING pc=0x000002651237e23f sp=0x000000eb4fbfd2e8 mode 1

Classes unloaded (0 events):
No events

Classes redefined (2 events):
Event: 27.727 Thread 0x000002652dfdf990 redefined class name=controller.status.StatusControllerTest, count=1
Event: 77.139 Thread 0x000002652dfdf990 redefined class name=controller.status.StatusControllerTest, count=2

Internal exceptions (20 events):
Event: 2.424 Thread 0x000002650d147e00 Exception <a 'java/lang/NoSuchMethodError'{0x000000071014f970}: 'java.lang.Object java.lang.invoke.DirectMethodHandle$Holder.invokeSpecialIFC(java.lang.Object, java.lang.Object, java.lang.Object, java.lang.Object)'> (0x000000071014f970) 
thrown [./open/src/hotspot/share/interpreter/linkResolver.cpp, line 782]
Event: 2.476 Thread 0x000002650d147e00 Exception <a 'java/lang/NoSuchMethodError'{0x00000007101f6678}: 'void java.lang.invoke.DirectMethodHandle$Holder.invokeInterface(java.lang.Object, java.lang.Object, java.lang.Object)'> (0x00000007101f6678) 
thrown [./open/src/hotspot/share/interpreter/linkResolver.cpp, line 782]
Event: 2.507 Thread 0x000002650d147e00 Exception <a 'java/lang/NoSuchMethodError'{0x000000070fe8c520}: 'java.lang.Object java.lang.invoke.DirectMethodHandle$Holder.newInvokeSpecial(java.lang.Object, java.lang.Object, java.lang.Object, java.lang.Object, java.lang.Object, java.lang.Object)'> (0x000000070fe8c520) 
thrown [./open/src/hotspot/share/interpreter/linkResolver.cpp, line 782]
Event: 2.531 Thread 0x000002650d147e00 Exception <a 'java/lang/NoSuchMethodError'{0x000000070ff35708}: 'void java.lang.invoke.DirectMethodHandle$Holder.invokeInterface(java.lang.Object, java.lang.Object, java.lang.Object, java.lang.Object, java.lang.Object)'> (0x000000070ff35708) 
thrown [./open/src/hotspot/share/interpreter/linkResolver.cpp, line 782]
Event: 2.532 Thread 0x000002650d147e00 Exception <a 'java/lang/IncompatibleClassChangeError'{0x000000070ff395d8}: Found class java.lang.Object, but interface was expected> (0x000000070ff395d8) 
thrown [./open/src/hotspot/share/interpreter/linkResolver.cpp, line 848]
Event: 2.557 Thread 0x000002650d147e00 Exception <a 'java/lang/IncompatibleClassChangeError'{0x000000070ff887a0}: Found class java.lang.Object, but interface was expected> (0x000000070ff887a0) 
thrown [./open/src/hotspot/share/interpreter/linkResolver.cpp, line 848]
Event: 2.572 Thread 0x000002650d147e00 Exception <a 'java/lang/NoSuchMethodError'{0x000000070ffc4d28}: 'void java.lang.invoke.DirectMethodHandle$Holder.invokeSpecial(java.lang.Object, java.lang.Object, java.lang.Object, java.lang.Object, java.lang.Object)'> (0x000000070ffc4d28) 
thrown [./open/src/hotspot/share/interpreter/linkResolver.cpp, line 782]
Event: 2.635 Thread 0x000002650d147e00 Exception <a 'java/lang/NoSuchMethodError'{0x0000000710869f10}: 'java.lang.Object java.lang.invoke.DirectMethodHandle$Holder.invokeVirtual(java.lang.Object, java.lang.Object, java.lang.Object)'> (0x0000000710869f10) 
thrown [./open/src/hotspot/share/interpreter/linkResolver.cpp, line 782]
Event: 2.662 Thread 0x000002650d147e00 Exception <a 'java/lang/NoSuchMethodError'{0x0000000710916248}: 'void java.lang.invoke.DirectMethodHandle$Holder.invokeInterface(java.lang.Object, java.lang.Object, java.lang.Object, java.lang.Object)'> (0x0000000710916248) 
thrown [./open/src/hotspot/share/interpreter/linkResolver.cpp, line 782]
Event: 2.666 Thread 0x000002650d147e00 Exception <a 'java/lang/IncompatibleClassChangeError'{0x0000000710919d70}: Found class java.lang.Object, but interface was expected> (0x0000000710919d70) 
thrown [./open/src/hotspot/share/interpreter/linkResolver.cpp, line 848]
Event: 2.676 Thread 0x000002650d147e00 Exception <a 'java/lang/NoSuchMethodError'{0x0000000710941260}: 'void java.lang.invoke.DirectMethodHandle$Holder.invokeStatic(java.lang.Object, java.lang.Object, java.lang.Object, java.lang.Object)'> (0x0000000710941260) 
thrown [./open/src/hotspot/share/interpreter/linkResolver.cpp, line 782]
Event: 2.728 Thread 0x000002650d147e00 Exception <a 'java/lang/NoSuchMethodError'{0x0000000710635408}: 'int java.lang.invoke.DirectMethodHandle$Holder.invokeStatic(java.lang.Object, java.lang.Object, java.lang.Object, java.lang.Object)'> (0x0000000710635408) 
thrown [./open/src/hotspot/share/interpreter/linkResolver.cpp, line 782]
Event: 2.730 Thread 0x000002650d147e00 Exception <a 'java/lang/NoSuchMethodError'{0x0000000710638f60}: 'java.lang.Object java.lang.invoke.Invokers$Holder.invokeExact_MT(java.lang.Object, java.lang.Object, java.lang.Object, java.lang.Object, java.lang.Object, java.lang.Object)'> (0x0000000710638f60) 
thrown [./open/src/hotspot/share/interpreter/linkResolver.cpp, line 782]
Event: 2.736 Thread 0x000002650d147e00 Exception <a 'java/lang/NoSuchMethodError'{0x0000000710649e78}: 'int java.lang.invoke.DirectMethodHandle$Holder.invokeStatic(java.lang.Object, java.lang.Object, java.lang.Object, java.lang.Object, java.lang.Object)'> (0x0000000710649e78) 
thrown [./open/src/hotspot/share/interpreter/linkResolver.cpp, line 782]
Event: 2.858 Thread 0x000002650d147e00 Exception <a 'java/lang/NoSuchMethodError'{0x00000007104ff170}: 'int java.lang.invoke.DirectMethodHandle$Holder.invokeStaticInit(java.lang.Object, java.lang.Object, java.lang.Object)'> (0x00000007104ff170) 
thrown [./open/src/hotspot/share/interpreter/linkResolver.cpp, line 782]
Event: 2.947 Thread 0x000002650d147e00 Exception <a 'java/lang/NoSuchMethodError'{0x000000071024f200}: 'java.lang.Object java.lang.invoke.DirectMethodHandle$Holder.newInvokeSpecial(java.lang.Object, java.lang.Object, java.lang.Object, java.lang.Object, java.lang.Object, java.lang.Object, java.lang.Object)'> (0x000000071024f200) 
thrown [./open/src/hotspot/share/interpreter/linkResolver.cpp, line 782]
Event: 2.948 Thread 0x000002650d147e00 Exception <a 'java/lang/NoSuchMethodError'{0x0000000710253fb8}: 'java.lang.Object java.lang.invoke.Invokers$Holder.linkToTargetMethod(java.lang.Object, java.lang.Object, java.lang.Object, java.lang.Object, java.lang.Object, java.lang.Object, java.lang.Object)'> (0x0000000710253fb8) 
thrown [./open/src/hotspot/share/interpreter/linkResolver.cpp, line 782]
Event: 2.951 Thread 0x000002650d147e00 Exception <a 'java/lang/NoSuchMethodError'{0x000000071025d0d8}: 'java.lang.Object java.lang.invoke.DirectMethodHandle$Holder.invokeInterface(java.lang.Object, java.lang.Object, java.lang.Object, java.lang.Object, java.lang.Object)'> (0x000000071025d0d8) 
thrown [./open/src/hotspot/share/interpreter/linkResolver.cpp, line 782]
Event: 2.951 Thread 0x000002650d147e00 Exception <a 'java/lang/IncompatibleClassChangeError'{0x00000007102610d0}: Found class java.lang.Object, but interface was expected> (0x00000007102610d0) 
thrown [./open/src/hotspot/share/interpreter/linkResolver.cpp, line 848]
Event: 3.045 Thread 0x000002650d147e00 Exception <a 'java/lang/reflect/InvocationTargetException'{0x0000000710013608}> (0x0000000710013608) 
thrown [./open/src/hotspot/share/runtime/reflection.cpp, line 1157]

Events (20 events):
Event: 52.037 Executing VM operation: GetFrameLocation
Event: 52.037 Executing VM operation: GetFrameLocation done
Event: 52.037 Executing VM operation: get/set locals
Event: 52.037 Executing VM operation: get/set locals done
Event: 52.038 Executing VM operation: GetFrameLocation
Event: 52.038 Executing VM operation: GetFrameLocation done
Event: 52.039 Executing VM operation: get/set locals
Event: 52.039 Executing VM operation: get/set locals done
Event: 77.129 Executing VM operation: RedefineClasses
Event: 77.150 Executing VM operation: RedefineClasses done
Event: 77.181 Executing VM operation: ChangeBreakpoints
Event: 77.183 Executing VM operation: ChangeBreakpoints done
Event: 77.199 Executing VM operation: GetFrameCount
Event: 77.199 Executing VM operation: GetFrameCount done
Event: 77.199 Executing VM operation: GetStackTrace
Event: 77.200 Executing VM operation: GetStackTrace done
Event: 77.941 Executing VM operation: GetFrameCount
Event: 77.942 Executing VM operation: GetFrameCount done
Event: 78.016 Executing VM operation: GetFrameLocation
Event: 78.016 Executing VM operation: GetFrameLocation done


Dynamic libraries:
0x00007ff6f74a0000 - 0x00007ff6f74ad000 	C:\Users\Faffa\.p2\pool\plugins\org.eclipse.justj.openjdk.hotspot.jre.full.win32.x86_64_15.0.2.v20210201-0955\jre\bin\javaw.exe
0x00007ff868c30000 - 0x00007ff868e25000 	C:\WINDOWS\SYSTEM32\ntdll.dll
0x00007ff866f20000 - 0x00007ff866fdd000 	C:\WINDOWS\System32\KERNEL32.DLL
0x00007ff866360000 - 0x00007ff866629000 	C:\WINDOWS\System32\KERNELBASE.dll
0x00007ff866630000 - 0x00007ff866730000 	C:\WINDOWS\System32\ucrtbase.dll
0x00007ff846110000 - 0x00007ff846129000 	C:\Users\Faffa\.p2\pool\plugins\org.eclipse.justj.openjdk.hotspot.jre.full.win32.x86_64_15.0.2.v20210201-0955\jre\bin\VCRUNTIME140.dll
0x00007ff846130000 - 0x00007ff846148000 	C:\Users\Faffa\.p2\pool\plugins\org.eclipse.justj.openjdk.hotspot.jre.full.win32.x86_64_15.0.2.v20210201-0955\jre\bin\jli.dll
0x00007ff868280000 - 0x00007ff868420000 	C:\WINDOWS\System32\USER32.dll
0x00007ff866b20000 - 0x00007ff866b42000 	C:\WINDOWS\System32\win32u.dll
0x00007ff84d0d0000 - 0x00007ff84d36a000 	C:\WINDOWS\WinSxS\amd64_microsoft.windows.common-controls_6595b64144ccf1df_6.0.19041.1110_none_60b5254171f9507e\COMCTL32.dll
0x00007ff868a60000 - 0x00007ff868a8a000 	C:\WINDOWS\System32\GDI32.dll
0x00007ff868540000 - 0x00007ff8685de000 	C:\WINDOWS\System32\msvcrt.dll
0x00007ff866930000 - 0x00007ff866a3b000 	C:\WINDOWS\System32\gdi32full.dll
0x00007ff866730000 - 0x00007ff8667cd000 	C:\WINDOWS\System32\msvcp_win.dll
0x00007ff867b10000 - 0x00007ff867b40000 	C:\WINDOWS\System32\IMM32.DLL
0x00007ff84a820000 - 0x00007ff84a82c000 	C:\Users\Faffa\.p2\pool\plugins\org.eclipse.justj.openjdk.hotspot.jre.full.win32.x86_64_15.0.2.v20210201-0955\jre\bin\vcruntime140_1.dll
0x00007ff819be0000 - 0x00007ff819c71000 	C:\Users\Faffa\.p2\pool\plugins\org.eclipse.justj.openjdk.hotspot.jre.full.win32.x86_64_15.0.2.v20210201-0955\jre\bin\msvcp140.dll
0x00007ff8174f0000 - 0x00007ff81804e000 	C:\Users\Faffa\.p2\pool\plugins\org.eclipse.justj.openjdk.hotspot.jre.full.win32.x86_64_15.0.2.v20210201-0955\jre\bin\server\jvm.dll
0x00007ff868170000 - 0x00007ff86821c000 	C:\WINDOWS\System32\ADVAPI32.dll
0x00007ff867720000 - 0x00007ff8677bb000 	C:\WINDOWS\System32\sechost.dll
0x00007ff867830000 - 0x00007ff86795a000 	C:\WINDOWS\System32\RPCRT4.dll
0x00007ff867820000 - 0x00007ff867828000 	C:\WINDOWS\System32\PSAPI.DLL
0x00007ff857ef0000 - 0x00007ff857f17000 	C:\WINDOWS\SYSTEM32\WINMM.dll
0x00007ff860190000 - 0x00007ff860199000 	C:\WINDOWS\SYSTEM32\WSOCK32.dll
0x00007ff861a40000 - 0x00007ff861a4a000 	C:\WINDOWS\SYSTEM32\VERSION.dll
0x00007ff867bb0000 - 0x00007ff867c1b000 	C:\WINDOWS\System32\WS2_32.dll
0x00007ff864290000 - 0x00007ff8642a2000 	C:\WINDOWS\SYSTEM32\kernel.appcore.dll
0x00007ff85d660000 - 0x00007ff85d66a000 	C:\Users\Faffa\.p2\pool\plugins\org.eclipse.justj.openjdk.hotspot.jre.full.win32.x86_64_15.0.2.v20210201-0955\jre\bin\jimage.dll
0x00007ff8612a0000 - 0x00007ff861484000 	C:\WINDOWS\SYSTEM32\DBGHELP.DLL
0x00007ff8611c0000 - 0x00007ff8611ec000 	C:\WINDOWS\SYSTEM32\dbgcore.DLL
0x00007ff866b50000 - 0x00007ff866bd3000 	C:\WINDOWS\System32\bcryptPrimitives.dll
0x00007ff81b3c0000 - 0x00007ff81b3f9000 	C:\Users\Faffa\.p2\pool\plugins\org.eclipse.justj.openjdk.hotspot.jre.full.win32.x86_64_15.0.2.v20210201-0955\jre\bin\jdwp.dll
0x00007ff85d6d0000 - 0x00007ff85d6de000 	C:\Users\Faffa\.p2\pool\plugins\org.eclipse.justj.openjdk.hotspot.jre.full.win32.x86_64_15.0.2.v20210201-0955\jre\bin\instrument.dll
0x00007ff84a8a0000 - 0x00007ff84a8c5000 	C:\Users\Faffa\.p2\pool\plugins\org.eclipse.justj.openjdk.hotspot.jre.full.win32.x86_64_15.0.2.v20210201-0955\jre\bin\java.dll
0x00007ff85bb80000 - 0x00007ff85bb98000 	C:\Users\Faffa\.p2\pool\plugins\org.eclipse.justj.openjdk.hotspot.jre.full.win32.x86_64_15.0.2.v20210201-0955\jre\bin\zip.dll
0x00007ff866fe0000 - 0x00007ff86771f000 	C:\WINDOWS\System32\SHELL32.dll
0x00007ff864490000 - 0x00007ff864c20000 	C:\WINDOWS\SYSTEM32\windows.storage.dll
0x00007ff868700000 - 0x00007ff868a55000 	C:\WINDOWS\System32\combase.dll
0x00007ff865dc0000 - 0x00007ff865dec000 	C:\WINDOWS\SYSTEM32\Wldp.dll
0x00007ff868ab0000 - 0x00007ff868b5e000 	C:\WINDOWS\System32\SHCORE.dll
0x00007ff8677c0000 - 0x00007ff867815000 	C:\WINDOWS\System32\shlwapi.dll
0x00007ff8662a0000 - 0x00007ff8662bf000 	C:\WINDOWS\SYSTEM32\profapi.dll
0x00007ff84acb0000 - 0x00007ff84acbb000 	C:\Users\Faffa\.p2\pool\plugins\org.eclipse.justj.openjdk.hotspot.jre.full.win32.x86_64_15.0.2.v20210201-0955\jre\bin\dt_socket.dll
0x00007ff8657c0000 - 0x00007ff8657fb000 	C:\WINDOWS\SYSTEM32\IPHLPAPI.DLL
0x00007ff865b20000 - 0x00007ff865b8a000 	C:\WINDOWS\system32\mswsock.dll
0x00007ff865810000 - 0x00007ff8658dc000 	C:\WINDOWS\SYSTEM32\DNSAPI.dll
0x00007ff868530000 - 0x00007ff868538000 	C:\WINDOWS\System32\NSI.dll
0x00007ff860ae0000 - 0x00007ff860aea000 	C:\Windows\System32\rasadhlp.dll
0x00007ff85f190000 - 0x00007ff85f20f000 	C:\WINDOWS\System32\fwpuclnt.dll
0x00007ff866a90000 - 0x00007ff866ab7000 	C:\WINDOWS\System32\bcrypt.dll
0x00007ff852c80000 - 0x00007ff852c99000 	C:\Users\Faffa\.p2\pool\plugins\org.eclipse.justj.openjdk.hotspot.jre.full.win32.x86_64_15.0.2.v20210201-0955\jre\bin\net.dll
0x00007ff860790000 - 0x00007ff860898000 	C:\WINDOWS\SYSTEM32\WINHTTP.dll
0x00007ff84abf0000 - 0x00007ff84ac02000 	C:\Users\Faffa\.p2\pool\plugins\org.eclipse.justj.openjdk.hotspot.jre.full.win32.x86_64_15.0.2.v20210201-0955\jre\bin\nio.dll
0x00007ff85d650000 - 0x00007ff85d660000 	C:\Users\Faffa\.p2\pool\plugins\org.eclipse.justj.openjdk.hotspot.jre.full.win32.x86_64_15.0.2.v20210201-0955\jre\bin\verify.dll
0x00007ff861a20000 - 0x00007ff861a37000 	C:\WINDOWS\SYSTEM32\dhcpcsvc6.DLL
0x00007ff861a00000 - 0x00007ff861a1d000 	C:\WINDOWS\SYSTEM32\dhcpcsvc.DLL

dbghelp: loaded successfully - version: 4.0.5 - missing functions: none
symbol engine: initialized successfully - sym options: 0x614 - pdb path: .;C:\Users\Faffa\.p2\pool\plugins\org.eclipse.justj.openjdk.hotspot.jre.full.win32.x86_64_15.0.2.v20210201-0955\jre\bin;C:\WINDOWS\SYSTEM32;C:\WINDOWS\WinSxS\amd64_microsoft.windows.common-controls_6595b64144ccf1df_6.0.19041.1110_none_60b5254171f9507e;C:\Users\Faffa\.p2\pool\plugins\org.eclipse.justj.openjdk.hotspot.jre.full.win32.x86_64_15.0.2.v20210201-0955\jre\bin\server

VM Arguments:
jvm_args: -XX:+ShowCodeDetailsInExceptionMessages -agentlib:jdwp=transport=dt_socket,suspend=y,address=localhost:54237 -ea -javaagent:C:\Users\Faffa\eclipse\java-2021-03\eclipse\configuration\org.eclipse.osgi\810\0\.cp\lib\javaagent-shaded.jar -Dfile.encoding=Cp1252 
java_command: org.eclipse.jdt.internal.junit.runner.RemoteTestRunner -version 3 -port 54236 -testLoaderClass org.eclipse.jdt.internal.junit5.runner.JUnit5TestLoader -loaderpluginname org.eclipse.jdt.junit5.runtime -classNames controller.status.StatusControllerTest
java_class_path (initial): C:\Users\Faffa\git\SpaceRunners\bin\main;C:\Users\Faffa\git\SpaceRunners\bin\test;C:\Users\Faffa\git\SpaceRunners\bin\default;C:\Users\Faffa\.gradle\caches\modules-2\files-2.1\org.openjfx\javafx-fxml\11\d5ff9262ef49d166db658d15f37e3ecff38fde4b\javafx-fxml-11-win.jar;C:\Users\Faffa\.gradle\caches\modules-2\files-2.1\org.openjfx\javafx-controls\11\af8d24de44e16a19ae959028eb23a48c145fb682\javafx-controls-11-win.jar;C:\Users\Faffa\.gradle\caches\modules-2\files-2.1\org.openjfx\javafx-controls\11\58d961774262ec972bf304e16c154a8e18c2050b\javafx-controls-11.jar;C:\Users\Faffa\.gradle\caches\modules-2\files-2.1\org.openjfx\javafx-graphics\11\9345c7ea43dbcc73a62eca5332717b4ce617e6c6\javafx-graphics-11-win.jar;C:\Users\Faffa\.gradle\caches\modules-2\files-2.1\org.openjfx\javafx-graphics\11\a736dd079047ec0b72b8c4970842a5c5e0c19f2f\javafx-graphics-11.jar;C:\Users\Faffa\.gradle\caches\modules-2\files-2.1\org.openjfx\javafx-base\11\ad3a4acfaa28b484d30c40c1f009445cc3f6e68b\javafx-base-11-win.jar;C:\Users\Faffa\.gradle\caches\modules-2\files-2.1\org.openjfx\javafx-base\11\9fcd3e8e3227ec97bf503f7991fad1f3b14d005\javafx-base-11.jar;C:\Users\Faffa\.gradle\caches\modules-2\files-2.1\org.junit.jupiter\junit-jupiter-api\5.4.2\665d1c0daecb26c6210c872768000b417e7e52b6\junit-jupiter-api-5.4.2.jar;C:\Users\Faffa\.gradle\caches\modules-2\files-2.1\org.junit.platform\junit-platform-commons\1.4.2\37993dc807ca253aa347be8968a0ae7b70642dbc\junit-platform-commons-1.4.2.jar;C:\Users\Faffa\.gradle\caches\modules-2\files-2.1\org.apiguardian\apiguardian-api\1.0.0\3ef5276905e36f4d8055fe3cb0bdcc7503ffc85d\apiguardian-api-1.0.0.jar;C:\Users\Faffa\.gradle\caches\modules-2\files-2.1\org.opentest4j\opentest4j\1.1.1\efd9f971e91074491ea55b19f67b13470cf4fcdd\opentest4j-1.1.1.jar;C:\Users\Faffa\.gradle\caches\modules-2\files-2.1\org.junit.jupiter\junit-jupiter-engine\5.7.0\d9044d6b45e2232ddd53fa56c15333e43d1749fd\junit-jupiter-engine-5.7.0.jar;C:\Users\Faffa\.gradle\caches\modules-2\
Launcher Type: SUN_STANDARD

[Global flags]
     intx CICompilerCount                          = 3                                         {product} {ergonomic}
     uint ConcGCThreads                            = 1                                         {product} {ergonomic}
     uint G1ConcRefinementThreads                  = 4                                         {product} {ergonomic}
   size_t G1HeapRegionSize                         = 2097152                                   {product} {ergonomic}
    uintx GCDrainStackTargetSize                   = 64                                        {product} {ergonomic}
   size_t InitialHeapSize                          = 268435456                                 {product} {ergonomic}
   size_t MarkStackSize                            = 4194304                                   {product} {ergonomic}
   size_t MaxHeapSize                              = 4284481536                                {product} {ergonomic}
   size_t MaxNewSize                               = 2569011200                                {product} {ergonomic}
   size_t MinHeapDeltaBytes                        = 2097152                                   {product} {ergonomic}
   size_t MinHeapSize                              = 8388608                                   {product} {ergonomic}
    uintx NonNMethodCodeHeapSize                   = 5832780                                {pd product} {ergonomic}
    uintx NonProfiledCodeHeapSize                  = 122912730                              {pd product} {ergonomic}
    uintx ProfiledCodeHeapSize                     = 122912730                              {pd product} {ergonomic}
    uintx ReservedCodeCacheSize                    = 251658240                              {pd product} {ergonomic}
     bool SegmentedCodeCache                       = true                                      {product} {ergonomic}
     bool ShowCodeDetailsInExceptionMessages       = true                                   {manageable} {command line}
   size_t SoftMaxHeapSize                          = 4284481536                             {manageable} {ergonomic}
     bool UseCompressedClassPointers               = true                                 {lp64_product} {ergonomic}
     bool UseCompressedOops                        = true                                 {lp64_product} {ergonomic}
     bool UseG1GC                                  = true                                      {product} {ergonomic}
     bool UseLargePagesIndividualAllocation        = false                                  {pd product} {ergonomic}

Logging:
Log output configuration:
 #0: stdout all=warning uptime,level,tags
 #1: stderr all=off uptime,level,tags

Environment Variables:
PATH=C:\Users\Faffa\.p2\pool\plugins\org.eclipse.justj.openjdk.hotspot.jre.full.win32.x86_64_15.0.2.v20210201-0955\jre\bin;C:/Users/Faffa/.p2/pool/plugins/org.eclipse.justj.openjdk.hotspot.jre.full.win32.x86_64_15.0.2.v20210201-0955/jre/bin/server;C:/Users/Faffa/.p2/pool/plugins/org.eclipse.justj.openjdk.hotspot.jre.full.win32.x86_64_15.0.2.v20210201-0955/jre/bin;C:\Program Files\Java\jre1.8.0_281\bin;C:\Program Files (x86)\Common Files\Oracle\Java\javapath;C:\WINDOWS\system32;C:\WINDOWS;C:\WINDOWS\System32\Wbem;C:\WINDOWS\System32\WindowsPowerShell\v1.0\;C:\WINDOWS\System32\OpenSSH\;C:\Program Files (x86)\dotnet\;C:\ProgramData\chocolatey\bin;C:\Program Files\dotnet\;C:\Program Files\Git\cmd;C:\Users\Faffa\AppData\Local\Microsoft\WindowsApps;C:\Program Files\JetBrains\IntelliJ IDEA Community Edition 2020.3.3\bin;C:\Users\Faffa\AppData\Local\Programs\Microsoft VS Code\bin;C:\adb;C:\WINDOWS\system32;C:\WINDOWS;C:\WINDOWS\System32\Wbem;C:\WINDOWS\System32\WindowsPowerShell\v1.0\;C:\WINDOWS\System32\OpenSSH\;C:\Program Files\NVIDIA Corporation\NVIDIA NvDLISR;C:\Program Files (x86)\NVIDIA Corporation\PhysX\Common;C:\Users\Faffa\AppData\Local\Microsoft\WindowsApps;;C:\Program Files\JetBrains\IntelliJ IDEA Community Edition 2020.3.3\bin;;C:\Users\Faffa\AppData\Local\Programs\Microsoft VS Code\bin;C:\WINDOWS\System32;
USERNAME=Faffa
OS=Windows_NT
PROCESSOR_IDENTIFIER=Intel64 Family 6 Model 94 Stepping 3, GenuineIntel



---------------  S Y S T E M  ---------------

OS:
 Windows 10 , 64 bit Build 19041 (10.0.19041.1151)
OS uptime: 6 days 4:35 hours

CPU: total 4 (initial active 4) (4 cores per cpu, 1 threads per core) family 6 model 94 stepping 3 microcode 0xcc, cmov, cx8, fxsr, mmx, sse, sse2, sse3, ssse3, sse4.1, sse4.2, popcnt, vzeroupper, avx, avx2, aes, clmul, erms, rtm, 3dnowpref, lzcnt, tsc, tscinvbit, bmi1, bmi2, adx, fma, clflush, clflushopt

Memory: 4k page, system-wide physical 16342M (9815M free)
TotalPageFile size 17366M (AvailPageFile size 8894M)
current process WorkingSet (physical memory assigned to process): 71M, peak: 77M
current process commit charge ("private bytes"): 348M, peak: 352M

vm_info: OpenJDK 64-Bit Server VM (15.0.2+7-27) for windows-amd64 JRE (15.0.2+7-27), built on Dec  7 2020 20:02:38 by "mach5one" with unknown MS VC++:1925

END.
